<?xml version="1.0" encoding="UTF-8"?>
<testsuite xmlns:xsi="http://www.w3.org/2001/XMLSchema-instance" xsi:noNamespaceSchemaLocation="https://maven.apache.org/surefire/maven-surefire-plugin/xsd/surefire-test-report-3.0.xsd" version="3.0" name="sysc4806.group27.minisurveymonkey.SurveyTests" time="5.145" tests="2" errors="0" skipped="0" failures="0">
  <properties>
[...]
</properties>
  <testcase name="showSurveys" classname="sysc4806.group27.minisurveymonkey.SurveyTests" time="0.211">
    <system-out><![CDATA[2023-11-12T14:43:36.178-05:00  INFO 2640 --- [           main] o.s.b.d.r.RestartApplicationListener     : Restart disabled due to context in which it is running

  .   ____          _            __ _ _
 /\\ / ___'_ __ _ _(_)_ __  __ _ \ \ \ \
( ( )\___ | '_ | '_| | '_ \/ _` | \ \ \ \
 \\/  ___)| |_)| | | | | || (_| |  ) ) ) )
  '  |____| .__|_| |_|_| |_\__, | / / / /
 =========|_|==============|___/=/_/_/_/
 :: Spring Boot ::                (v3.1.5)

2023-11-12T14:43:36.188-05:00  INFO 2640 --- [           main] s.group27.minisurveymonkey.SurveyTests   : Starting SurveyTests using Java 17.0.7 with PID 2640 (started by cn in /Users/cn/Documents/School/Fall 2023/SYSC 4806 A/Project/Mini-SurveyMonkey)
2023-11-12T14:43:36.188-05:00  INFO 2640 --- [           main] s.group27.minisurveymonkey.SurveyTests   : No active profile set, falling back to 1 default profile: "default"
2023-11-12T14:43:36.239-05:00  INFO 2640 --- [           main] .s.d.r.c.RepositoryConfigurationDelegate : Bootstrapping Spring Data JPA repositories in DEFAULT mode.
2023-11-12T14:43:36.242-05:00  INFO 2640 --- [           main] .s.d.r.c.RepositoryConfigurationDelegate : Finished Spring Data repository scanning in 3 ms. Found 2 JPA repository interfaces.
2023-11-12T14:43:36.278-05:00  INFO 2640 --- [           main] o.hibernate.jpa.internal.util.LogHelper  : HHH000204: Processing PersistenceUnitInfo [name: default]
2023-11-12T14:43:36.282-05:00  INFO 2640 --- [           main] o.s.o.j.p.SpringPersistenceUnitInfo      : No LoadTimeWeaver setup: ignoring JPA class transformer
2023-11-12T14:43:36.282-05:00  INFO 2640 --- [           main] com.zaxxer.hikari.HikariDataSource       : HikariPool-2 - Starting...
2023-11-12T14:43:36.601-05:00  INFO 2640 --- [           main] com.zaxxer.hikari.pool.HikariPool        : HikariPool-2 - Added connection com.mysql.cj.jdbc.ConnectionImpl@58df431e
2023-11-12T14:43:36.602-05:00  INFO 2640 --- [           main] com.zaxxer.hikari.HikariDataSource       : HikariPool-2 - Start completed.
2023-11-12T14:43:36.602-05:00  WARN 2640 --- [           main] org.hibernate.orm.deprecation            : HHH90000025: MySQL8Dialect does not need to be specified explicitly using 'hibernate.dialect' (remove the property setting and it will be selected by default)
2023-11-12T14:43:36.602-05:00  WARN 2640 --- [           main] org.hibernate.orm.deprecation            : HHH90000026: MySQL8Dialect has been deprecated; use org.hibernate.dialect.MySQLDialect instead
2023-11-12T14:43:36.627-05:00  INFO 2640 --- [           main] o.h.e.t.j.p.i.JtaPlatformInitiator       : HHH000489: No JTA platform available (set 'hibernate.transaction.jta.platform' to enable JTA platform integration)
Hibernate: 
    alter table number_question_answers 
       drop 
       foreign key FKit6uxn9j93f8im4fylf45bhd0
Hibernate: 
    alter table survey_questions 
       drop 
       foreign key FKi5y4cmk8txaouhnepxbeo3oi4
Hibernate: 
    alter table survey_questions 
       drop 
       foreign key FK7v82ta07mal2mipmmxb58n37j
Hibernate: 
    alter table text_question_answers 
       drop 
       foreign key FKe623gbn5uwscpa8bvgss8i7ol
Hibernate: 
    drop table if exists number_question
Hibernate: 
    drop table if exists number_question_answers
Hibernate: 
    drop table if exists survey
Hibernate: 
    drop table if exists survey_questions
Hibernate: 
    drop table if exists surveyors
Hibernate: 
    drop table if exists text_question_seq
Hibernate: 
    drop table if exists text_question
Hibernate: 
    drop table if exists text_question_answers
Hibernate: 
    create table number_question (
        max_val integer not null,
        min_val integer not null,
        id bigint not null,
        primary key (id)
    ) engine=InnoDB
Hibernate: 
    create table number_question_answers (
        answers integer,
        answers_key integer not null,
        number_question_id bigint not null,
        primary key (answers_key, number_question_id)
    ) engine=InnoDB
Hibernate: 
    create table survey (
        name varchar(255) not null,
        primary key (name)
    ) engine=InnoDB
Hibernate: 
    create table survey_questions (
        questions_id integer not null,
        survey_name varchar(255) not null
    ) engine=InnoDB
Hibernate: 
    create table surveyors (
        id bigint not null auto_increment,
        email varchar(255) not null,
        name varchar(255) not null,
        password varchar(255) not null,
        primary key (id)
    ) engine=InnoDB
Hibernate: 
    create table text_question_seq (
        next_val bigint
    ) engine=InnoDB
Hibernate: 
    insert into text_question_seq values ( 1 )
Hibernate: 
    create table text_question (
        id integer not null,
        content varchar(255),
        primary key (id)
    ) engine=InnoDB
Hibernate: 
    create table text_question_answers (
        text_question_id integer not null,
        answers varchar(255)
    ) engine=InnoDB
Hibernate: 
    alter table survey_questions 
       add constraint UK_hfqoodsjgij7codotc4t0glan unique (questions_id)
Hibernate: 
    alter table surveyors 
       add constraint UK_sxm00h8yahwm2s20gxvshsavb unique (email)
Hibernate: 
    alter table surveyors 
       add constraint UK_du4g3e63erjydddswtln0rjd5 unique (password)
Hibernate: 
    alter table number_question_answers 
       add constraint FKit6uxn9j93f8im4fylf45bhd0 
       foreign key (number_question_id) 
       references number_question (id)
Hibernate: 
    alter table survey_questions 
       add constraint FKi5y4cmk8txaouhnepxbeo3oi4 
       foreign key (questions_id) 
       references text_question (id)
Hibernate: 
    alter table survey_questions 
       add constraint FK7v82ta07mal2mipmmxb58n37j 
       foreign key (survey_name) 
       references survey (name)
Hibernate: 
    alter table text_question_answers 
       add constraint FKe623gbn5uwscpa8bvgss8i7ol 
       foreign key (text_question_id) 
       references text_question (id)
2023-11-12T14:43:40.680-05:00  INFO 2640 --- [           main] j.LocalContainerEntityManagerFactoryBean : Initialized JPA EntityManagerFactory for persistence unit 'default'
2023-11-12T14:43:40.724-05:00  WARN 2640 --- [           main] JpaBaseConfiguration$JpaWebConfiguration : spring.jpa.open-in-view is enabled by default. Therefore, database queries may be performed during view rendering. Explicitly configure spring.jpa.open-in-view to disable this warning
2023-11-12T14:43:40.741-05:00  INFO 2640 --- [           main] o.s.b.a.w.s.WelcomePageHandlerMapping    : Adding welcome page template: index
2023-11-12T14:43:40.770-05:00  INFO 2640 --- [           main] o.s.b.t.m.w.SpringBootMockServletContext : Initializing Spring TestDispatcherServlet ''
2023-11-12T14:43:40.770-05:00  INFO 2640 --- [           main] o.s.t.web.servlet.TestDispatcherServlet  : Initializing Servlet ''
2023-11-12T14:43:40.771-05:00  INFO 2640 --- [           main] o.s.t.web.servlet.TestDispatcherServlet  : Completed initialization in 0 ms
2023-11-12T14:43:40.774-05:00  INFO 2640 --- [           main] s.group27.minisurveymonkey.SurveyTests   : Started SurveyTests in 4.596 seconds (process running for 10.27)
Hibernate: 
    select
        s1_0.name 
    from
        survey s1_0
]]></system-out>
  </testcase>
  <testcase name="allSurveys" classname="sysc4806.group27.minisurveymonkey.SurveyTests" time="0.329">
    <system-out><![CDATA[Hibernate: 
    select
        s1_0.name 
    from
        survey s1_0

MockHttpServletRequest:
      HTTP Method = GET
      Request URI = /survey/all
       Parameters = {}
          Headers = []
             Body = null
    Session Attrs = {}

Handler:
             Type = sysc4806.group27.minisurveymonkey.controller.SurveyController
           Method = sysc4806.group27.minisurveymonkey.controller.SurveyController#getAllSurveys(Model)

Async:
    Async started = false
     Async result = null

Resolved Exception:
             Type = null

ModelAndView:
        View name = surveySearch
             View = null
        Attribute = searchValue
            value = All Surveys
        Attribute = surveys
            value = []

FlashMap:
       Attributes = null

MockHttpServletResponse:
           Status = 200
    Error message = null
          Headers = [Content-Language:"en", Content-Type:"text/html;charset=UTF-8"]
     Content type = text/html;charset=UTF-8
             Body = <!DOCTYPE html>
<html lang="en">
<head>
    <meta charset="UTF-8">
    <title>Search</title>
    <link rel="stylesheet" href="https://maxcdn.bootstrapcdn.com/bootstrap/4.5.2/css/bootstrap.min.css">
</head>
<body>
<div>
    <h1>All Surveys</h1>
</div>


</body>
</html>
    Forwarded URL = null
   Redirected URL = null
          Cookies = []
]]></system-out>
  </testcase>
</testsuite>